<?xml version="1.0" encoding="UTF-8"?>
<testsuite xmlns:xsi="http://www.w3.org/2001/XMLSchema-instance" xsi:noNamespaceSchemaLocation="https://maven.apache.org/surefire/maven-surefire-plugin/xsd/surefire-test-report-3.0.xsd" version="3.0" name="com.kmrug.discordbot.BotTest" time="7.303" tests="13" errors="0" skipped="0" failures="0">
  <properties>
[...]
</properties>
  <testcase name="testIsPrintingOSInfo" classname="com.kmrug.discordbot.BotTest" time="5.495">
    <system-out><![CDATA[2025-03-28T22:20:29.500855300Z main INFO Starting configuration XmlConfiguration[location=C:\Users\kisha\Desktop\minecraft-discord-bot\bot\target\classes\log4j2.xml, lastModified=2025-03-17T15:37:00.992Z]...
2025-03-28T22:20:29.502854100Z main INFO Start watching for changes to C:\Users\kisha\Desktop\minecraft-discord-bot\bot\target\classes\log4j2.xml every 0 seconds
2025-03-28T22:20:29.502854100Z main INFO Configuration XmlConfiguration[location=C:\Users\kisha\Desktop\minecraft-discord-bot\bot\target\classes\log4j2.xml, lastModified=2025-03-17T15:37:00.992Z] started.
2025-03-28T22:20:29.506853700Z main INFO Stopping configuration org.apache.logging.log4j.core.config.DefaultConfiguration@5bcec67e...
2025-03-28T22:20:29.508897400Z main INFO Configuration org.apache.logging.log4j.core.config.DefaultConfiguration@5bcec67e stopped.
[2025-03-29 01:20:30] [INFO] com.kmrug.discordbot.Bot - Server is running and online
]]></system-out>
    <system-err><![CDATA[WARNING: A Java agent has been loaded dynamically (C:\Users\kisha\.m2\repository\net\bytebuddy\byte-buddy-agent\1.14.12\byte-buddy-agent-1.14.12.jar)
WARNING: If a serviceability tool is in use, please run with -XX:+EnableDynamicAgentLoading to hide this warning
WARNING: If a serviceability tool is not in use, please run with -Djdk.instrument.traceUsage for more information
WARNING: Dynamic loading of agents will be disallowed by default in a future release
]]></system-err>
  </testcase>
  <testcase name="testServerProcess" classname="com.kmrug.discordbot.BotTest" time="0.01">
    <system-out><![CDATA[[2025-03-29 01:20:30] [WARN] com.kmrug.discordbot.Bot - Minecraft server is already running!
]]></system-out>
  </testcase>
  <testcase name="testIdleStartTimer" classname="com.kmrug.discordbot.BotTest" time="0.007"/>
  <testcase name="testServerEnvironment" classname="com.kmrug.discordbot.BotTest" time="0.008"/>
  <testcase name="testIsNotTextChannel" classname="com.kmrug.discordbot.BotTest" time="0.02">
    <system-out><![CDATA[[2025-03-29 01:20:30] [WARN] com.kmrug.discordbot.Bot - This command can only be used in a text channel!
]]></system-out>
  </testcase>
  <testcase name="testGetLogTimestamp" classname="com.kmrug.discordbot.BotTest" time="0.011"/>
  <testcase name="testIsProcessAlive" classname="com.kmrug.discordbot.BotTest" time="0.01">
    <system-out><![CDATA[[2025-03-29 01:20:30] [WARN] com.kmrug.discordbot.Bot - No server is running.
]]></system-out>
  </testcase>
  <testcase name="testIsTextChannel" classname="com.kmrug.discordbot.BotTest" time="0.01"/>
  <testcase name="testLogFileExists" classname="com.kmrug.discordbot.BotTest" time="0.008"/>
  <testcase name="testLogFileExistsInPlayerCount" classname="com.kmrug.discordbot.BotTest" time="0.068">
    <system-out><![CDATA[[2025-03-29 01:20:30] [WARN] com.kmrug.discordbot.Bot - No server is running.
]]></system-out>
  </testcase>
  <testcase name="testIsProcessNotRunning" classname="com.kmrug.discordbot.BotTest" time="0.012">
    <system-out><![CDATA[[2025-03-29 01:20:30] [ERROR] com.kmrug.discordbot.Bot - [BOT WARNING] Server process is running, but port is closed.
]]></system-out>
  </testcase>
  <testcase name="testNoLogFileExists" classname="com.kmrug.discordbot.BotTest" time="0.01"/>
  <testcase name="testCorrectPlayerCount" classname="com.kmrug.discordbot.BotTest" time="1.577">
    <system-out><![CDATA[[2025-03-29 01:20:32] [INFO] com.kmrug.discordbot.Bot - 📊 Players Online: 5/10
]]></system-out>
  </testcase>
</testsuite>